0 info it worked if it ends with ok
1 verbose cli [ 'node', '/usr/local/bin/npm', 'start' ]
2 info using npm@3.9.3
3 info using node@v0.12.6
4 verbose run-script [ 'prestart', 'start', 'poststart' ]
5 info lifecycle slideshow@0.0.1~prestart: slideshow@0.0.1
6 silly lifecycle slideshow@0.0.1~prestart: no script for prestart, continuing
7 info lifecycle slideshow@0.0.1~start: slideshow@0.0.1
8 verbose lifecycle slideshow@0.0.1~start: unsafe-perm in lifecycle true
9 verbose lifecycle slideshow@0.0.1~start: PATH: /usr/local/lib/node_modules/npm/bin/node-gyp-bin:/Users/dave/Dev/repos/slideshow/node_modules/.bin:/usr/local/bin:/usr/local/bin:/usr/bin:/bin:/usr/sbin:/sbin:/usr/local/git/bin
10 verbose lifecycle slideshow@0.0.1~start: CWD: /Users/dave/Dev/repos/slideshow
11 silly lifecycle slideshow@0.0.1~start: Args: [ '-c', 'node ./server/app.js' ]
12 silly lifecycle slideshow@0.0.1~start: Returned: code: 1  signal: null
13 info lifecycle slideshow@0.0.1~start: Failed to exec start script
14 verbose stack Error: slideshow@0.0.1 start: `node ./server/app.js`
14 verbose stack Exit status 1
14 verbose stack     at EventEmitter.<anonymous> (/usr/local/lib/node_modules/npm/lib/utils/lifecycle.js:245:16)
14 verbose stack     at EventEmitter.emit (events.js:110:17)
14 verbose stack     at ChildProcess.<anonymous> (/usr/local/lib/node_modules/npm/lib/utils/spawn.js:24:14)
14 verbose stack     at ChildProcess.emit (events.js:110:17)
14 verbose stack     at maybeClose (child_process.js:1015:16)
14 verbose stack     at Process.ChildProcess._handle.onexit (child_process.js:1087:5)
15 verbose pkgid slideshow@0.0.1
16 verbose cwd /Users/dave/Dev/repos/slideshow
17 error Darwin 15.5.0
18 error argv "node" "/usr/local/bin/npm" "start"
19 error node v0.12.6
20 error npm  v3.9.3
21 error code ELIFECYCLE
22 error slideshow@0.0.1 start: `node ./server/app.js`
22 error Exit status 1
23 error Failed at the slideshow@0.0.1 start script 'node ./server/app.js'.
23 error Make sure you have the latest version of node.js and npm installed.
23 error If you do, this is most likely a problem with the slideshow package,
23 error not with npm itself.
23 error Tell the author that this fails on your system:
23 error     node ./server/app.js
23 error You can get information on how to open an issue for this project with:
23 error     npm bugs slideshow
23 error Or if that isn't available, you can get their info via:
23 error     npm owner ls slideshow
23 error There is likely additional logging output above.
24 verbose exit [ 1, true ]
